{"level":"info","location":"search-service.handler.searchHandler.init()","msg":"Search-service Log file created/opened","time":"2021-06-11T07:26:13Z"}
{"level":"info","location":"search-service.handler.searchHandler.init()","msg":"Search-service Log file created/opened","time":"2021-06-11T07:48:04Z"}
{"level":"info","location":"search-service.handler.searchHandler.GetUserByUsername()","msg":"Get searched user by username.","time":"2021-06-11T07:48:26Z","user_username":"succesili"}
{"level":"warning","location":"search-service.handler.searchHandler.GetUserByUsername()","msg":"Searched user doesnt exist.","time":"2021-06-11T07:48:26Z","user_username":"succesili"}
{"level":"info","location":"search-service.handler.searchHandler.GetUserByUsername()","msg":"Get searched user by username success.","time":"2021-06-11T07:48:26Z"}
{"level":"info","location":"search-service.handler.searchHandler.GetUserByUsername()","msg":"Get searched user by username.","time":"2021-06-11T07:49:38Z","user_username":"{username}"}
{"level":"warning","location":"search-service.handler.searchHandler.GetUserByUsername()","msg":"Searched user doesnt exist.","time":"2021-06-11T07:49:38Z","user_username":"{username}"}
{"level":"info","location":"search-service.handler.searchHandler.GetUserByUsername()","msg":"Get searched user by username success.","time":"2021-06-11T07:49:38Z"}
{"level":"info","location":"search-service.handler.searchHandler.init()","msg":"Search-service Log file created/opened","time":"2021-06-11T08:30:58Z"}
{"level":"info","location":"search-service.handler.searchHandler.init()","msg":"Search-service Log file created/opened","time":"2021-06-11T11:07:42Z"}
{"level":"info","location":"search-service.handler.searchHandler.init()","msg":"Search-service Log file created/opened","time":"2021-06-11T11:12:50Z"}
{"level":"info","location":"search-service.handler.searchHandler.init()","msg":"Search-service Log file created/opened","time":"2021-06-11T11:17:27Z"}
{"level":"info","location":"search-service.handler.searchHandler.init()","msg":"Search-service Log file created/opened","time":"2021-06-11T11:20:45Z"}
{"level":"info","location":"search-service.handler.searchHandler.init()","msg":"Search-service Log file created/opened","time":"2021-06-11T11:23:16Z"}
{"level":"info","location":"search-service.handler.searchHandler.MediaForFront()","msg":"Get image by imageID.","time":"2021-06-11T12:25:41Z"}
{"level":"info","location":"search-service.handler.searchHandler.MediaForFront()","msg":"Get image by imageID.","time":"2021-06-11T12:25:41Z"}
{"level":"info","location":"search-service.handler.searchHandler.MediaForFront()","msg":"Get image by imageID success.","time":"2021-06-11T12:25:42Z"}
{"level":"info","location":"search-service.handler.searchHandler.MediaForFront()","msg":"Get image by imageID.","time":"2021-06-11T12:25:42Z"}
{"level":"info","location":"search-service.handler.searchHandler.MediaForFront()","msg":"Get image by imageID.","time":"2021-06-11T12:25:42Z"}
{"level":"info","location":"search-service.handler.searchHandler.MediaForFront()","msg":"Get image by imageID success.","time":"2021-06-11T12:25:42Z"}
{"level":"info","location":"search-service.handler.searchHandler.MediaForFront()","msg":"Get image by imageID.","time":"2021-06-11T12:25:42Z"}
{"level":"info","location":"search-service.handler.searchHandler.MediaForFront()","msg":"Get image by imageID success.","time":"2021-06-11T12:25:43Z"}
{"level":"info","location":"search-service.handler.searchHandler.MediaForFront()","msg":"Get image by imageID.","time":"2021-06-11T12:25:43Z"}
{"level":"info","location":"search-service.handler.searchHandler.MediaForFront()","msg":"Get image by imageID success.","time":"2021-06-11T12:25:45Z"}
{"level":"info","location":"search-service.handler.searchHandler.MediaForFront()","msg":"Get image by imageID.","time":"2021-06-11T12:25:46Z"}
{"level":"info","location":"search-service.handler.searchHandler.MediaForFront()","msg":"Get image by imageID success.","time":"2021-06-11T12:25:51Z"}
{"level":"info","location":"search-service.handler.searchHandler.MediaForFront()","msg":"Get image by imageID.","time":"2021-06-11T12:25:52Z"}
{"level":"info","location":"search-service.handler.searchHandler.MediaForFront()","msg":"Get image by imageID success.","time":"2021-06-11T12:25:52Z"}
{"level":"info","location":"search-service.handler.searchHandler.MediaForFront()","msg":"Get image by imageID.","time":"2021-06-11T12:25:52Z"}
{"level":"info","location":"search-service.handler.searchHandler.MediaForFront()","msg":"Get image by imageID success.","time":"2021-06-11T12:25:52Z"}
{"level":"info","location":"search-service.handler.searchHandler.MediaForFront()","msg":"Get image by imageID.","time":"2021-06-11T12:25:52Z"}
{"level":"info","location":"search-service.handler.searchHandler.MediaForFront()","msg":"Get image by imageID success.","time":"2021-06-11T12:25:55Z"}
{"level":"info","location":"search-service.handler.searchHandler.MediaForFront()","msg":"Get image by imageID.","time":"2021-06-11T12:25:55Z"}
{"level":"info","location":"search-service.handler.searchHandler.MediaForFront()","msg":"Get image by imageID success.","time":"2021-06-11T12:25:57Z"}
{"level":"info","location":"search-service.handler.searchHandler.MediaForFront()","msg":"Get image by imageID.","time":"2021-06-11T12:25:57Z"}
{"level":"info","location":"search-service.handler.searchHandler.MediaForFront()","msg":"Get image by imageID success.","time":"2021-06-11T12:26:00Z"}
{"level":"info","location":"search-service.handler.searchHandler.MediaForFront()","msg":"Get image by imageID.","time":"2021-06-11T12:26:01Z"}
{"level":"info","location":"search-service.handler.searchHandler.MediaForFront()","msg":"Get image by imageID success.","time":"2021-06-11T12:26:03Z"}
{"level":"info","location":"search-service.handler.searchHandler.MediaForFront()","msg":"Get image by imageID.","time":"2021-06-11T12:26:03Z"}
{"level":"info","location":"search-service.handler.searchHandler.MediaForFront()","msg":"Get image by imageID success.","time":"2021-06-11T12:26:03Z"}
{"level":"info","location":"search-service.handler.searchHandler.MediaForFront()","msg":"Get image by imageID.","time":"2021-06-11T12:26:03Z"}
{"level":"info","location":"search-service.handler.searchHandler.MediaForFront()","msg":"Get image by imageID success.","time":"2021-06-11T12:26:04Z"}
{"level":"info","location":"search-service.handler.searchHandler.MediaForFront()","msg":"Get image by imageID.","time":"2021-06-11T12:26:04Z"}
{"level":"info","location":"search-service.handler.searchHandler.MediaForFront()","msg":"Get image by imageID success.","time":"2021-06-11T12:26:06Z"}
{"level":"info","location":"search-service.handler.searchHandler.MediaForFront()","msg":"Get image by imageID.","time":"2021-06-11T12:26:07Z"}
{"level":"info","location":"search-service.handler.searchHandler.MediaForFront()","msg":"Get image by imageID success.","time":"2021-06-11T12:26:09Z"}
{"level":"info","location":"search-service.handler.searchHandler.MediaForFront()","msg":"Get image by imageID.","time":"2021-06-11T12:26:10Z"}
{"level":"info","location":"search-service.handler.searchHandler.MediaForFront()","msg":"Get image by imageID success.","time":"2021-06-11T12:26:12Z"}
{"level":"info","location":"search-service.handler.searchHandler.MediaForFront()","msg":"Get image by imageID.","time":"2021-06-11T12:26:12Z"}
{"level":"info","location":"search-service.handler.searchHandler.MediaForFront()","msg":"Get image by imageID success.","time":"2021-06-11T12:26:13Z"}
{"level":"info","location":"search-service.handler.searchHandler.init()","msg":"Search-service Log file created/opened","time":"2021-06-11T13:06:59Z"}
{"level":"info","location":"search-service.handler.searchHandler.init()","msg":"Search-service Log file created/opened","time":"2021-06-11T13:30:37Z"}
{"level":"info","location":"search-service.handler.searchHandler.init()","msg":"Search-service Log file created/opened","time":"2021-06-11T19:05:54Z"}
{"level":"info","location":"search-service.handler.searchHandler.init()","msg":"Search-service Log file created/opened","time":"2021-06-11T19:05:56Z"}
{"level":"info","location":"search-service.handler.searchHandler.init()","msg":"Search-service Log file created/opened","time":"2021-06-12T08:26:25Z"}
{"level":"info","location":"search-service.handler.searchHandler.init()","msg":"Search-service Log file created/opened","time":"2021-06-12T08:51:21Z"}
{"level":"info","location":"search-service.handler.searchHandler.init()","msg":"Search-service Log file created/opened","time":"2021-06-12T19:10:42Z"}
{"level":"info","location":"search-service.handler.searchHandler.init()","msg":"Search-service Log file created/opened","time":"2021-06-13T08:23:04Z"}
{"level":"info","location":"search-service.handler.searchHandler.init()","msg":"Search-service Log file created/opened","time":"2021-06-13T08:30:12Z"}
{"level":"info","location":"search-service.handler.searchHandler.init()","msg":"Search-service Log file created/opened","time":"2021-06-13T08:52:08Z"}
{"level":"info","location":"search-service.handler.searchHandler.init()","msg":"Search-service Log file created/opened","time":"2021-06-13T08:58:04Z"}
{"level":"info","location":"search-service.handler.searchHandler.init()","msg":"Search-service Log file created/opened","time":"2021-06-13T09:05:50Z"}
{"level":"info","location":"search-service.handler.searchHandler.init()","msg":"Search-service Log file created/opened","time":"2021-06-13T09:09:46Z"}
{"level":"info","location":"search-service.handler.searchHandler.init()","msg":"Search-service Log file created/opened","time":"2021-06-15T10:17:25Z"}
{"level":"info","location":"search-service.handler.searchHandler.init()","msg":"Search-service Log file created/opened","time":"2021-06-15T10:21:15Z"}
{"level":"info","location":"search-service.handler.searchHandler.init()","msg":"Search-service Log file created/opened","time":"2021-06-15T10:23:18Z"}
{"level":"info","location":"search-service.handler.searchHandler.init()","msg":"Search-service Log file created/opened","time":"2021-06-15T10:25:54Z"}
{"level":"info","location":"search-service.handler.searchHandler.MediaForFront()","msg":"Get image by imageID.","time":"2021-06-15T10:52:27Z"}
{"level":"info","location":"search-service.handler.searchHandler.MediaForFront()","msg":"Get image by imageID success.","time":"2021-06-15T10:52:27Z"}
{"level":"info","location":"search-service.handler.searchHandler.MediaForFront()","msg":"Get image by imageID.","time":"2021-06-15T10:52:27Z"}
{"level":"info","location":"search-service.handler.searchHandler.MediaForFront()","msg":"Get image by imageID success.","time":"2021-06-15T10:52:28Z"}
{"level":"info","location":"search-service.handler.searchHandler.MediaForFront()","msg":"Get image by imageID.","time":"2021-06-15T10:52:28Z"}
{"level":"info","location":"search-service.handler.searchHandler.MediaForFront()","msg":"Get image by imageID success.","time":"2021-06-15T10:52:28Z"}
{"level":"info","location":"search-service.handler.searchHandler.MediaForFront()","msg":"Get image by imageID.","time":"2021-06-15T12:00:12Z"}
{"level":"info","location":"search-service.handler.searchHandler.MediaForFront()","msg":"Get image by imageID success.","time":"2021-06-15T12:00:12Z"}
{"level":"info","location":"search-service.handler.searchHandler.MediaForFront()","msg":"Get image by imageID.","time":"2021-06-15T12:00:12Z"}
{"level":"info","location":"search-service.handler.searchHandler.MediaForFront()","msg":"Get image by imageID success.","time":"2021-06-15T12:00:12Z"}
{"level":"info","location":"search-service.handler.searchHandler.MediaForFront()","msg":"Get image by imageID.","time":"2021-06-15T12:00:12Z"}
{"level":"info","location":"search-service.handler.searchHandler.MediaForFront()","msg":"Get image by imageID success.","time":"2021-06-15T12:00:12Z"}
{"level":"info","location":"search-service.handler.searchHandler.MediaForFront()","msg":"Get image by imageID.","time":"2021-06-15T12:00:12Z"}
{"level":"info","location":"search-service.handler.searchHandler.MediaForFront()","msg":"Get image by imageID success.","time":"2021-06-15T12:00:12Z"}
{"level":"info","location":"search-service.handler.searchHandler.MediaForFront()","msg":"Get image by imageID.","time":"2021-06-15T12:33:35Z"}
{"level":"info","location":"search-service.handler.searchHandler.MediaForFront()","msg":"Get image by imageID success.","time":"2021-06-15T12:33:35Z"}
{"level":"info","location":"search-service.handler.searchHandler.MediaForFront()","msg":"Get image by imageID.","time":"2021-06-15T12:33:35Z"}
{"level":"info","location":"search-service.handler.searchHandler.MediaForFront()","msg":"Get image by imageID success.","time":"2021-06-15T12:33:35Z"}
{"level":"info","location":"search-service.handler.searchHandler.MediaForFront()","msg":"Get image by imageID.","time":"2021-06-15T12:33:35Z"}
{"level":"info","location":"search-service.handler.searchHandler.MediaForFront()","msg":"Get image by imageID success.","time":"2021-06-15T12:33:35Z"}
{"level":"info","location":"search-service.handler.searchHandler.MediaForFront()","msg":"Get image by imageID.","time":"2021-06-15T12:33:35Z"}
{"level":"info","location":"search-service.handler.searchHandler.MediaForFront()","msg":"Get image by imageID success.","time":"2021-06-15T12:33:35Z"}
{"level":"info","location":"search-service.handler.searchHandler.MediaForFront()","msg":"Get image by imageID.","time":"2021-06-15T12:33:35Z"}
{"level":"info","location":"search-service.handler.searchHandler.MediaForFront()","msg":"Get image by imageID.","time":"2021-06-15T12:33:37Z"}
{"level":"info","location":"search-service.handler.searchHandler.MediaForFront()","msg":"Get image by imageID success.","time":"2021-06-15T12:33:37Z"}
{"level":"info","location":"search-service.handler.searchHandler.MediaForFront()","msg":"Get image by imageID.","time":"2021-06-15T12:33:37Z"}
{"level":"info","location":"search-service.handler.searchHandler.MediaForFront()","msg":"Get image by imageID success.","time":"2021-06-15T12:33:37Z"}
{"level":"info","location":"search-service.handler.searchHandler.MediaForFront()","msg":"Get image by imageID.","time":"2021-06-15T12:33:37Z"}
{"level":"info","location":"search-service.handler.searchHandler.MediaForFront()","msg":"Get image by imageID success.","time":"2021-06-15T12:33:37Z"}
{"level":"info","location":"search-service.handler.searchHandler.MediaForFront()","msg":"Get image by imageID.","time":"2021-06-15T12:33:37Z"}
{"level":"info","location":"search-service.handler.searchHandler.MediaForFront()","msg":"Get image by imageID success.","time":"2021-06-15T12:33:37Z"}
{"level":"info","location":"search-service.handler.searchHandler.MediaForFront()","msg":"Get image by imageID.","time":"2021-06-15T12:33:37Z"}
{"level":"info","location":"search-service.handler.searchHandler.MediaForFront()","msg":"Get image by imageID.","time":"2021-06-15T12:58:45Z"}
{"level":"info","location":"search-service.handler.searchHandler.MediaForFront()","msg":"Get image by imageID success.","time":"2021-06-15T12:58:45Z"}
{"level":"info","location":"search-service.handler.searchHandler.MediaForFront()","msg":"Get image by imageID.","time":"2021-06-15T12:58:45Z"}
{"level":"info","location":"search-service.handler.searchHandler.MediaForFront()","msg":"Get image by imageID success.","time":"2021-06-15T12:58:45Z"}
{"level":"info","location":"search-service.handler.searchHandler.MediaForFront()","msg":"Get image by imageID.","time":"2021-06-15T12:58:45Z"}
{"level":"info","location":"search-service.handler.searchHandler.MediaForFront()","msg":"Get image by imageID success.","time":"2021-06-15T12:58:45Z"}
{"level":"info","location":"search-service.handler.searchHandler.MediaForFront()","msg":"Get image by imageID.","time":"2021-06-15T12:58:45Z"}
{"level":"info","location":"search-service.handler.searchHandler.MediaForFront()","msg":"Get image by imageID success.","time":"2021-06-15T12:58:45Z"}
{"level":"info","location":"search-service.handler.searchHandler.MediaForFront()","msg":"Get image by imageID.","time":"2021-06-15T12:58:45Z"}
{"level":"info","location":"search-service.handler.searchHandler.init()","msg":"Search-service Log file created/opened","time":"2021-06-15T13:20:58Z"}
{"level":"info","location":"search-service.handler.searchHandler.init()","msg":"Search-service Log file created/opened","time":"2021-06-15T13:26:19Z"}
{"level":"info","location":"search-service.handler.searchHandler.init()","msg":"Search-service Log file created/opened","time":"2021-06-15T13:27:51Z"}
{"level":"info","location":"search-service.handler.searchHandler.init()","msg":"Search-service Log file created/opened","time":"2021-06-15T13:29:40Z"}
{"level":"info","location":"search-service.handler.searchHandler.init()","msg":"Search-service Log file created/opened","time":"2021-06-15T13:33:42Z"}
{"level":"info","location":"search-service.handler.searchHandler.MediaForFront()","msg":"Get image by imageID.","time":"2021-06-15T13:34:04Z"}
{"level":"info","location":"search-service.handler.searchHandler.MediaForFront()","msg":"Get image by imageID success.","time":"2021-06-15T13:34:04Z"}
{"level":"info","location":"search-service.handler.searchHandler.MediaForFront()","msg":"Get image by imageID.","time":"2021-06-15T13:34:04Z"}
{"level":"info","location":"search-service.handler.searchHandler.MediaForFront()","msg":"Get image by imageID success.","time":"2021-06-15T13:34:04Z"}
{"level":"info","location":"search-service.handler.searchHandler.MediaForFront()","msg":"Get image by imageID.","time":"2021-06-15T13:34:04Z"}
{"level":"info","location":"search-service.handler.searchHandler.MediaForFront()","msg":"Get image by imageID.","time":"2021-06-15T13:34:04Z"}
{"level":"info","location":"search-service.handler.searchHandler.MediaForFront()","msg":"Get image by imageID.","time":"2021-06-15T13:34:04Z"}
{"level":"info","location":"search-service.handler.searchHandler.init()","msg":"Search-service Log file created/opened","time":"2021-06-15T13:50:56Z"}
{"level":"info","location":"search-service.handler.searchHandler.MediaForFront()","msg":"Get image by imageID.","time":"2021-06-15T13:51:13Z"}
{"level":"info","location":"search-service.handler.searchHandler.MediaForFront()","msg":"Get image by imageID.","time":"2021-06-15T13:51:13Z"}
{"level":"info","location":"search-service.handler.searchHandler.MediaForFront()","msg":"Get image by imageID.","time":"2021-06-15T13:51:13Z"}
{"level":"info","location":"search-service.handler.searchHandler.MediaForFront()","msg":"Get image by imageID.","time":"2021-06-15T13:51:13Z"}
{"level":"info","location":"search-service.handler.searchHandler.MediaForFront()","msg":"Get image by imageID.","time":"2021-06-15T13:51:13Z"}
{"level":"info","location":"search-service.handler.searchHandler.MediaForFront()","msg":"Get image by imageID.","time":"2021-06-15T13:52:35Z"}
{"level":"info","location":"search-service.handler.searchHandler.MediaForFront()","msg":"Get image by imageID.","time":"2021-06-15T13:52:35Z"}
{"level":"info","location":"search-service.handler.searchHandler.MediaForFront()","msg":"Get image by imageID.","time":"2021-06-15T13:52:35Z"}
{"level":"info","location":"search-service.handler.searchHandler.MediaForFront()","msg":"Get image by imageID.","time":"2021-06-15T13:52:35Z"}
{"level":"info","location":"search-service.handler.searchHandler.MediaForFront()","msg":"Get image by imageID.","time":"2021-06-15T13:52:35Z"}
{"level":"info","location":"search-service.handler.searchHandler.MediaForFront()","msg":"Get image by imageID.","time":"2021-06-15T13:53:45Z"}
{"level":"info","location":"search-service.handler.searchHandler.MediaForFront()","msg":"Get image by imageID success.","time":"2021-06-15T13:53:45Z"}
{"level":"info","location":"search-service.handler.searchHandler.MediaForFront()","msg":"Get image by imageID.","time":"2021-06-15T13:53:45Z"}
{"level":"info","location":"search-service.handler.searchHandler.MediaForFront()","msg":"Get image by imageID success.","time":"2021-06-15T13:53:45Z"}
{"level":"info","location":"search-service.handler.searchHandler.MediaForFront()","msg":"Get image by imageID.","time":"2021-06-15T13:53:45Z"}
{"level":"info","location":"search-service.handler.searchHandler.MediaForFront()","msg":"Get image by imageID.","time":"2021-06-15T13:53:45Z"}
{"level":"info","location":"search-service.handler.searchHandler.MediaForFront()","msg":"Get image by imageID.","time":"2021-06-15T13:53:45Z"}
{"level":"info","location":"search-service.handler.searchHandler.MediaForFront()","msg":"Get image by imageID.","time":"2021-06-15T13:55:23Z"}
{"level":"info","location":"search-service.handler.searchHandler.MediaForFront()","msg":"Get image by imageID.","time":"2021-06-15T13:55:23Z"}
{"level":"info","location":"search-service.handler.searchHandler.MediaForFront()","msg":"Get image by imageID.","time":"2021-06-15T13:55:23Z"}
{"level":"info","location":"search-service.handler.searchHandler.MediaForFront()","msg":"Get image by imageID.","time":"2021-06-15T13:55:24Z"}
{"level":"info","location":"search-service.handler.searchHandler.MediaForFront()","msg":"Get image by imageID.","time":"2021-06-15T13:55:24Z"}
{"level":"info","location":"search-service.handler.searchHandler.init()","msg":"Search-service Log file created/opened","time":"2021-06-15T14:06:26Z"}
{"level":"info","location":"search-service.handler.searchHandler.MediaForFront()","msg":"Get image by imageID.","time":"2021-06-15T14:06:45Z"}
{"level":"info","location":"search-service.handler.searchHandler.MediaForFront()","msg":"Get image by imageID.","time":"2021-06-15T14:06:45Z"}
{"level":"info","location":"search-service.handler.searchHandler.MediaForFront()","msg":"Get image by imageID.","time":"2021-06-15T14:06:45Z"}
{"level":"info","location":"search-service.handler.searchHandler.MediaForFront()","msg":"Get image by imageID.","time":"2021-06-15T14:06:45Z"}
{"level":"info","location":"search-service.handler.searchHandler.MediaForFront()","msg":"Get image by imageID.","time":"2021-06-15T14:06:45Z"}
{"level":"info","location":"search-service.handler.searchHandler.init()","msg":"Search-service Log file created/opened","time":"2021-06-15T14:14:55Z"}
{"level":"info","location":"search-service.handler.searchHandler.MediaForFront()","msg":"Get image by imageID.","time":"2021-06-15T14:15:04Z"}
{"level":"info","location":"search-service.handler.searchHandler.MediaForFront()","msg":"Get image by imageID.","time":"2021-06-15T14:15:04Z"}
{"level":"info","location":"search-service.handler.searchHandler.MediaForFront()","msg":"Get image by imageID.","time":"2021-06-15T14:15:04Z"}
{"level":"info","location":"search-service.handler.searchHandler.MediaForFront()","msg":"Get image by imageID.","time":"2021-06-15T14:15:04Z"}
{"level":"info","location":"search-service.handler.searchHandler.MediaForFront()","msg":"Get image by imageID.","time":"2021-06-15T14:15:04Z"}
{"level":"info","location":"search-service.handler.searchHandler.MediaForFront()","msg":"Get image by imageID success.","time":"2021-06-15T14:15:04Z"}
{"level":"info","location":"search-service.handler.searchHandler.MediaForFront()","msg":"Get image by imageID.","time":"2021-06-15T14:16:56Z"}
{"level":"info","location":"search-service.handler.searchHandler.MediaForFront()","msg":"Get image by imageID.","time":"2021-06-15T14:16:56Z"}
{"level":"info","location":"search-service.handler.searchHandler.MediaForFront()","msg":"Get image by imageID.","time":"2021-06-15T14:16:56Z"}
{"level":"info","location":"search-service.handler.searchHandler.MediaForFront()","msg":"Get image by imageID.","time":"2021-06-15T14:16:56Z"}
{"level":"info","location":"search-service.handler.searchHandler.MediaForFront()","msg":"Get image by imageID.","time":"2021-06-15T14:16:56Z"}
{"level":"info","location":"search-service.handler.searchHandler.MediaForFront()","msg":"Get image by imageID success.","time":"2021-06-15T14:16:56Z"}
{"level":"info","location":"search-service.handler.searchHandler.init()","msg":"Search-service Log file created/opened","time":"2021-06-15T14:19:00Z"}
{"level":"info","location":"search-service.handler.searchHandler.MediaForFront()","msg":"Get image by imageID.","time":"2021-06-15T14:19:26Z"}
{"level":"info","location":"search-service.handler.searchHandler.MediaForFront()","msg":"Get image by imageID.","time":"2021-06-15T14:19:26Z"}
{"level":"info","location":"search-service.handler.searchHandler.MediaForFront()","msg":"Get image by imageID.","time":"2021-06-15T14:19:26Z"}
{"level":"info","location":"search-service.handler.searchHandler.MediaForFront()","msg":"Get image by imageID.","time":"2021-06-15T14:19:26Z"}
{"level":"info","location":"search-service.handler.searchHandler.MediaForFront()","msg":"Get image by imageID.","time":"2021-06-15T14:19:26Z"}
{"level":"info","location":"search-service.handler.searchHandler.MediaForFront()","msg":"Get image by imageID success.","time":"2021-06-15T14:19:27Z"}
{"level":"info","location":"search-service.handler.searchHandler.init()","msg":"Search-service Log file created/opened","time":"2021-06-15T14:37:17Z"}
{"level":"info","location":"search-service.handler.searchHandler.MediaForFront()","msg":"Get image by imageID.","time":"2021-06-15T14:37:39Z"}
{"level":"info","location":"search-service.handler.searchHandler.MediaForFront()","msg":"Get image by imageID.","time":"2021-06-15T14:37:39Z"}
{"level":"info","location":"search-service.handler.searchHandler.MediaForFront()","msg":"Get image by imageID.","time":"2021-06-15T14:37:39Z"}
{"level":"info","location":"search-service.handler.searchHandler.MediaForFront()","msg":"Get image by imageID.","time":"2021-06-15T14:37:39Z"}
{"level":"info","location":"search-service.handler.searchHandler.MediaForFront()","msg":"Get image by imageID.","time":"2021-06-15T14:37:39Z"}
{"level":"info","location":"search-service.handler.searchHandler.MediaForFront()","msg":"Get image by imageID success.","time":"2021-06-15T14:37:39Z"}
{"level":"info","location":"search-service.handler.searchHandler.MediaForFront()","msg":"Get image by imageID.","time":"2021-06-15T14:39:27Z"}
{"level":"info","location":"search-service.handler.searchHandler.MediaForFront()","msg":"Get image by imageID.","time":"2021-06-15T14:39:27Z"}
{"level":"info","location":"search-service.handler.searchHandler.MediaForFront()","msg":"Get image by imageID.","time":"2021-06-15T14:39:27Z"}
{"level":"info","location":"search-service.handler.searchHandler.MediaForFront()","msg":"Get image by imageID.","time":"2021-06-15T14:39:27Z"}
{"level":"info","location":"search-service.handler.searchHandler.MediaForFront()","msg":"Get image by imageID.","time":"2021-06-15T14:39:27Z"}
{"level":"info","location":"search-service.handler.searchHandler.MediaForFront()","msg":"Get image by imageID success.","time":"2021-06-15T14:39:27Z"}
{"level":"info","location":"search-service.handler.searchHandler.init()","msg":"Search-service Log file created/opened","time":"2021-06-15T14:48:50Z"}
{"level":"info","location":"search-service.handler.searchHandler.MediaForFront()","msg":"Get image by imageID.","time":"2021-06-15T14:49:55Z"}
{"level":"info","location":"search-service.handler.searchHandler.MediaForFront()","msg":"Get image by imageID.","time":"2021-06-15T14:49:55Z"}
{"level":"info","location":"search-service.handler.searchHandler.MediaForFront()","msg":"Get image by imageID.","time":"2021-06-15T14:49:55Z"}
{"level":"info","location":"search-service.handler.searchHandler.MediaForFront()","msg":"Get image by imageID.","time":"2021-06-15T14:49:55Z"}
{"level":"info","location":"search-service.handler.searchHandler.MediaForFront()","msg":"Get image by imageID.","time":"2021-06-15T14:49:55Z"}
{"level":"info","location":"search-service.handler.searchHandler.MediaForFront()","msg":"Get image by imageID success.","time":"2021-06-15T14:49:55Z"}
{"level":"info","location":"search-service.handler.searchHandler.MediaForFront()","msg":"Get image by imageID.","time":"2021-06-15T14:50:22Z"}
{"level":"info","location":"search-service.handler.searchHandler.MediaForFront()","msg":"Get image by imageID.","time":"2021-06-15T14:50:22Z"}
{"level":"info","location":"search-service.handler.searchHandler.MediaForFront()","msg":"Get image by imageID.","time":"2021-06-15T14:50:22Z"}
{"level":"info","location":"search-service.handler.searchHandler.MediaForFront()","msg":"Get image by imageID.","time":"2021-06-15T14:50:22Z"}
{"level":"info","location":"search-service.handler.searchHandler.MediaForFront()","msg":"Get image by imageID.","time":"2021-06-15T14:50:22Z"}
{"level":"info","location":"search-service.handler.searchHandler.MediaForFront()","msg":"Get image by imageID success.","time":"2021-06-15T14:50:22Z"}
{"level":"info","location":"search-service.handler.searchHandler.init()","msg":"Search-service Log file created/opened","time":"2021-06-15T15:01:13Z"}
{"level":"info","location":"search-service.handler.searchHandler.MediaForFront()","msg":"Get image by imageID.","time":"2021-06-15T15:01:42Z"}
{"level":"info","location":"search-service.handler.searchHandler.MediaForFront()","msg":"Get image by imageID success.","time":"2021-06-15T15:01:42Z"}
{"level":"info","location":"search-service.handler.searchHandler.MediaForFront()","msg":"Get image by imageID.","time":"2021-06-15T15:01:42Z"}
{"level":"info","location":"search-service.handler.searchHandler.MediaForFront()","msg":"Get image by imageID success.","time":"2021-06-15T15:01:42Z"}
{"level":"info","location":"search-service.handler.searchHandler.MediaForFront()","msg":"Get image by imageID.","time":"2021-06-15T15:01:42Z"}
{"level":"info","location":"search-service.handler.searchHandler.MediaForFront()","msg":"Get image by imageID success.","time":"2021-06-15T15:01:42Z"}
{"level":"info","location":"search-service.handler.searchHandler.MediaForFront()","msg":"Get image by imageID.","time":"2021-06-15T15:01:42Z"}
{"level":"info","location":"search-service.handler.searchHandler.MediaForFront()","msg":"Get image by imageID success.","time":"2021-06-15T15:01:42Z"}
{"level":"info","location":"search-service.handler.searchHandler.MediaForFront()","msg":"Get image by imageID.","time":"2021-06-15T15:01:42Z"}
{"level":"info","location":"search-service.handler.searchHandler.MediaForFront()","msg":"Get image by imageID success.","time":"2021-06-15T15:01:42Z"}
{"level":"info","location":"search-service.handler.searchHandler.MediaForFront()","msg":"Get image by imageID.","time":"2021-06-15T15:01:43Z"}
{"level":"info","location":"search-service.handler.searchHandler.MediaForFront()","msg":"Get image by imageID success.","time":"2021-06-15T15:01:43Z"}
{"level":"info","location":"search-service.handler.searchHandler.MediaForFront()","msg":"Get image by imageID.","time":"2021-06-15T15:01:44Z"}
{"level":"info","location":"search-service.handler.searchHandler.MediaForFront()","msg":"Get image by imageID success.","time":"2021-06-15T15:01:44Z"}
{"level":"info","location":"search-service.handler.searchHandler.MediaForFront()","msg":"Get image by imageID.","time":"2021-06-15T15:01:44Z"}
{"level":"info","location":"search-service.handler.searchHandler.MediaForFront()","msg":"Get image by imageID success.","time":"2021-06-15T15:01:44Z"}
{"level":"info","location":"search-service.handler.searchHandler.MediaForFront()","msg":"Get image by imageID.","time":"2021-06-15T15:01:44Z"}
{"level":"info","location":"search-service.handler.searchHandler.MediaForFront()","msg":"Get image by imageID success.","time":"2021-06-15T15:01:44Z"}
{"level":"info","location":"search-service.handler.searchHandler.MediaForFront()","msg":"Get image by imageID.","time":"2021-06-15T15:01:44Z"}
{"level":"info","location":"search-service.handler.searchHandler.MediaForFront()","msg":"Get image by imageID success.","time":"2021-06-15T15:01:44Z"}
{"level":"info","location":"search-service.handler.searchHandler.MediaForFront()","msg":"Get image by imageID.","time":"2021-06-15T15:01:44Z"}
{"level":"info","location":"search-service.handler.searchHandler.MediaForFront()","msg":"Get image by imageID success.","time":"2021-06-15T15:01:44Z"}
{"level":"info","location":"search-service.handler.searchHandler.MediaForFront()","msg":"Get image by imageID.","time":"2021-06-15T15:01:45Z"}
{"level":"info","location":"search-service.handler.searchHandler.MediaForFront()","msg":"Get image by imageID success.","time":"2021-06-15T15:01:45Z"}
{"level":"info","location":"search-service.handler.searchHandler.init()","msg":"Search-service Log file created/opened","time":"2021-06-15T15:07:51Z"}
{"level":"info","location":"search-service.handler.searchHandler.MediaForFront()","msg":"Get image by imageID.","time":"2021-06-15T15:08:04Z"}
{"level":"info","location":"search-service.handler.searchHandler.MediaForFront()","msg":"Get image by imageID success.","time":"2021-06-15T15:08:04Z"}
{"level":"info","location":"search-service.handler.searchHandler.MediaForFront()","msg":"Get image by imageID.","time":"2021-06-15T15:08:04Z"}
{"level":"info","location":"search-service.handler.searchHandler.MediaForFront()","msg":"Get image by imageID success.","time":"2021-06-15T15:08:04Z"}
{"level":"info","location":"search-service.handler.searchHandler.MediaForFront()","msg":"Get image by imageID.","time":"2021-06-15T15:08:04Z"}
{"level":"info","location":"search-service.handler.searchHandler.MediaForFront()","msg":"Get image by imageID success.","time":"2021-06-15T15:08:04Z"}
{"level":"info","location":"search-service.handler.searchHandler.MediaForFront()","msg":"Get image by imageID.","time":"2021-06-15T15:08:04Z"}
{"level":"info","location":"search-service.handler.searchHandler.MediaForFront()","msg":"Get image by imageID success.","time":"2021-06-15T15:08:04Z"}
{"level":"info","location":"search-service.handler.searchHandler.MediaForFront()","msg":"Get image by imageID.","time":"2021-06-15T15:08:04Z"}
{"level":"info","location":"search-service.handler.searchHandler.MediaForFront()","msg":"Get image by imageID success.","time":"2021-06-15T15:08:04Z"}
{"level":"info","location":"search-service.handler.searchHandler.MediaForFront()","msg":"Get image by imageID.","time":"2021-06-15T15:08:04Z"}
{"level":"info","location":"search-service.handler.searchHandler.MediaForFront()","msg":"Get image by imageID success.","time":"2021-06-15T15:08:04Z"}
{"level":"info","location":"search-service.handler.searchHandler.init()","msg":"Search-service Log file created/opened","time":"2021-06-15T15:10:58Z"}
{"level":"info","location":"search-service.handler.searchHandler.MediaForFront()","msg":"Get image by imageID.","time":"2021-06-15T15:11:21Z"}
{"level":"info","location":"search-service.handler.searchHandler.MediaForFront()","msg":"Get image by imageID success.","time":"2021-06-15T15:11:21Z"}
{"level":"info","location":"search-service.handler.searchHandler.MediaForFront()","msg":"Get image by imageID.","time":"2021-06-15T15:11:21Z"}
{"level":"info","location":"search-service.handler.searchHandler.MediaForFront()","msg":"Get image by imageID success.","time":"2021-06-15T15:11:21Z"}
{"level":"info","location":"search-service.handler.searchHandler.MediaForFront()","msg":"Get image by imageID.","time":"2021-06-15T15:11:50Z"}
{"level":"info","location":"search-service.handler.searchHandler.MediaForFront()","msg":"Get image by imageID success.","time":"2021-06-15T15:11:50Z"}
{"level":"info","location":"search-service.handler.searchHandler.MediaForFront()","msg":"Get image by imageID.","time":"2021-06-15T15:11:55Z"}
{"level":"info","location":"search-service.handler.searchHandler.MediaForFront()","msg":"Get image by imageID success.","time":"2021-06-15T15:11:55Z"}
{"level":"info","location":"search-service.handler.searchHandler.MediaForFront()","msg":"Get image by imageID.","time":"2021-06-15T15:12:17Z"}
{"level":"info","location":"search-service.handler.searchHandler.MediaForFront()","msg":"Get image by imageID success.","time":"2021-06-15T15:12:17Z"}
{"level":"info","location":"search-service.handler.searchHandler.MediaForFront()","msg":"Get image by imageID.","time":"2021-06-15T15:12:17Z"}
{"level":"info","location":"search-service.handler.searchHandler.MediaForFront()","msg":"Get image by imageID success.","time":"2021-06-15T15:12:17Z"}
{"level":"info","location":"search-service.handler.searchHandler.MediaForFront()","msg":"Get image by imageID.","time":"2021-06-15T15:12:42Z"}
{"level":"info","location":"search-service.handler.searchHandler.MediaForFront()","msg":"Get image by imageID success.","time":"2021-06-15T15:12:42Z"}
{"level":"info","location":"search-service.handler.searchHandler.MediaForFront()","msg":"Get image by imageID.","time":"2021-06-15T15:12:43Z"}
{"level":"info","location":"search-service.handler.searchHandler.MediaForFront()","msg":"Get image by imageID success.","time":"2021-06-15T15:12:43Z"}
{"level":"info","location":"search-service.handler.searchHandler.MediaForFront()","msg":"Get image by imageID.","time":"2021-06-15T15:12:43Z"}
{"level":"info","location":"search-service.handler.searchHandler.MediaForFront()","msg":"Get image by imageID success.","time":"2021-06-15T15:12:43Z"}
{"level":"info","location":"search-service.handler.searchHandler.init()","msg":"Search-service Log file created/opened","time":"2021-06-15T16:28:34Z"}
{"level":"info","location":"search-service.handler.searchHandler.init()","msg":"Search-service Log file created/opened","time":"2021-06-16T10:16:04Z"}
{"level":"info","location":"search-service.handler.searchHandler.MediaForFront()","msg":"Get image by imageID.","time":"2021-06-16T10:16:55Z"}
{"level":"info","location":"search-service.handler.searchHandler.MediaForFront()","msg":"Get image by imageID success.","time":"2021-06-16T10:16:55Z"}
{"level":"info","location":"search-service.handler.searchHandler.MediaForFront()","msg":"Get image by imageID.","time":"2021-06-16T10:16:55Z"}
{"level":"info","location":"search-service.handler.searchHandler.MediaForFront()","msg":"Get image by imageID success.","time":"2021-06-16T10:16:55Z"}
{"level":"info","location":"search-service.handler.searchHandler.MediaForFront()","msg":"Get image by imageID.","time":"2021-06-16T10:16:56Z"}
{"level":"info","location":"search-service.handler.searchHandler.MediaForFront()","msg":"Get image by imageID success.","time":"2021-06-16T10:16:56Z"}
{"level":"info","location":"search-service.handler.searchHandler.MediaForFront()","msg":"Get image by imageID.","time":"2021-06-16T10:19:06Z"}
{"level":"info","location":"search-service.handler.searchHandler.MediaForFront()","msg":"Get image by imageID success.","time":"2021-06-16T10:19:06Z"}
{"level":"info","location":"search-service.handler.searchHandler.MediaForFront()","msg":"Get image by imageID.","time":"2021-06-16T10:19:06Z"}
{"level":"info","location":"search-service.handler.searchHandler.MediaForFront()","msg":"Get image by imageID success.","time":"2021-06-16T10:19:06Z"}
{"level":"info","location":"search-service.handler.searchHandler.MediaForFront()","msg":"Get image by imageID.","time":"2021-06-16T10:19:06Z"}
{"level":"info","location":"search-service.handler.searchHandler.MediaForFront()","msg":"Get image by imageID success.","time":"2021-06-16T10:19:06Z"}
{"level":"info","location":"search-service.handler.searchHandler.MediaForFront()","msg":"Get image by imageID.","time":"2021-06-16T10:19:06Z"}
{"level":"info","location":"search-service.handler.searchHandler.MediaForFront()","msg":"Get image by imageID success.","time":"2021-06-16T10:19:06Z"}
{"level":"info","location":"search-service.handler.searchHandler.MediaForFront()","msg":"Get image by imageID.","time":"2021-06-16T10:19:47Z"}
{"level":"info","location":"search-service.handler.searchHandler.MediaForFront()","msg":"Get image by imageID success.","time":"2021-06-16T10:19:47Z"}
{"level":"info","location":"search-service.handler.searchHandler.MediaForFront()","msg":"Get image by imageID.","time":"2021-06-16T10:19:47Z"}
{"level":"info","location":"search-service.handler.searchHandler.MediaForFront()","msg":"Get image by imageID success.","time":"2021-06-16T10:19:47Z"}
{"level":"info","location":"search-service.handler.searchHandler.MediaForFront()","msg":"Get image by imageID.","time":"2021-06-16T10:19:47Z"}
{"level":"info","location":"search-service.handler.searchHandler.MediaForFront()","msg":"Get image by imageID success.","time":"2021-06-16T10:19:47Z"}
{"level":"info","location":"search-service.handler.searchHandler.MediaForFront()","msg":"Get image by imageID.","time":"2021-06-16T10:19:47Z"}
{"level":"info","location":"search-service.handler.searchHandler.MediaForFront()","msg":"Get image by imageID success.","time":"2021-06-16T10:19:47Z"}
{"level":"info","location":"search-service.handler.searchHandler.MediaForFront()","msg":"Get image by imageID.","time":"2021-06-16T10:20:00Z"}
{"level":"info","location":"search-service.handler.searchHandler.MediaForFront()","msg":"Get image by imageID success.","time":"2021-06-16T10:20:00Z"}
{"level":"info","location":"search-service.handler.searchHandler.MediaForFront()","msg":"Get image by imageID.","time":"2021-06-16T10:20:00Z"}
{"level":"info","location":"search-service.handler.searchHandler.MediaForFront()","msg":"Get image by imageID success.","time":"2021-06-16T10:20:00Z"}
{"level":"info","location":"search-service.handler.searchHandler.MediaForFront()","msg":"Get image by imageID.","time":"2021-06-16T10:20:00Z"}
{"level":"info","location":"search-service.handler.searchHandler.MediaForFront()","msg":"Get image by imageID success.","time":"2021-06-16T10:20:00Z"}
{"level":"info","location":"search-service.handler.searchHandler.MediaForFront()","msg":"Get image by imageID.","time":"2021-06-16T10:20:00Z"}
{"level":"info","location":"search-service.handler.searchHandler.MediaForFront()","msg":"Get image by imageID success.","time":"2021-06-16T10:20:00Z"}
{"level":"info","location":"search-service.handler.searchHandler.MediaForFront()","msg":"Get image by imageID.","time":"2021-06-16T10:20:24Z"}
{"level":"info","location":"search-service.handler.searchHandler.MediaForFront()","msg":"Get image by imageID success.","time":"2021-06-16T10:20:24Z"}
{"level":"info","location":"search-service.handler.searchHandler.MediaForFront()","msg":"Get image by imageID.","time":"2021-06-16T10:20:24Z"}
{"level":"info","location":"search-service.handler.searchHandler.MediaForFront()","msg":"Get image by imageID success.","time":"2021-06-16T10:20:24Z"}
{"level":"info","location":"search-service.handler.searchHandler.MediaForFront()","msg":"Get image by imageID.","time":"2021-06-16T10:20:24Z"}
{"level":"info","location":"search-service.handler.searchHandler.MediaForFront()","msg":"Get image by imageID success.","time":"2021-06-16T10:20:24Z"}
{"level":"info","location":"search-service.handler.searchHandler.MediaForFront()","msg":"Get image by imageID.","time":"2021-06-16T10:20:24Z"}
{"level":"info","location":"search-service.handler.searchHandler.MediaForFront()","msg":"Get image by imageID success.","time":"2021-06-16T10:20:24Z"}
{"level":"info","location":"search-service.handler.searchHandler.MediaForFront()","msg":"Get image by imageID.","time":"2021-06-16T10:20:59Z"}
{"level":"info","location":"search-service.handler.searchHandler.MediaForFront()","msg":"Get image by imageID success.","time":"2021-06-16T10:20:59Z"}
{"level":"info","location":"search-service.handler.searchHandler.MediaForFront()","msg":"Get image by imageID.","time":"2021-06-16T10:20:59Z"}
{"level":"info","location":"search-service.handler.searchHandler.MediaForFront()","msg":"Get image by imageID success.","time":"2021-06-16T10:20:59Z"}
{"level":"info","location":"search-service.handler.searchHandler.MediaForFront()","msg":"Get image by imageID.","time":"2021-06-16T10:20:59Z"}
{"level":"info","location":"search-service.handler.searchHandler.MediaForFront()","msg":"Get image by imageID success.","time":"2021-06-16T10:20:59Z"}
{"level":"info","location":"search-service.handler.searchHandler.MediaForFront()","msg":"Get image by imageID.","time":"2021-06-16T10:20:59Z"}
{"level":"info","location":"search-service.handler.searchHandler.MediaForFront()","msg":"Get image by imageID success.","time":"2021-06-16T10:20:59Z"}
{"level":"info","location":"search-service.handler.searchHandler.MediaForFront()","msg":"Get image by imageID.","time":"2021-06-16T10:21:20Z"}
{"level":"info","location":"search-service.handler.searchHandler.MediaForFront()","msg":"Get image by imageID success.","time":"2021-06-16T10:21:20Z"}
{"level":"info","location":"search-service.handler.searchHandler.MediaForFront()","msg":"Get image by imageID.","time":"2021-06-16T10:21:38Z"}
{"level":"info","location":"search-service.handler.searchHandler.MediaForFront()","msg":"Get image by imageID success.","time":"2021-06-16T10:21:38Z"}
{"level":"info","location":"search-service.handler.searchHandler.MediaForFront()","msg":"Get image by imageID.","time":"2021-06-16T10:21:38Z"}
{"level":"info","location":"search-service.handler.searchHandler.MediaForFront()","msg":"Get image by imageID success.","time":"2021-06-16T10:21:38Z"}
{"level":"info","location":"search-service.handler.searchHandler.MediaForFront()","msg":"Get image by imageID.","time":"2021-06-16T10:21:38Z"}
{"level":"info","location":"search-service.handler.searchHandler.MediaForFront()","msg":"Get image by imageID success.","time":"2021-06-16T10:21:38Z"}
{"level":"info","location":"search-service.handler.searchHandler.MediaForFront()","msg":"Get image by imageID.","time":"2021-06-16T10:21:38Z"}
{"level":"info","location":"search-service.handler.searchHandler.MediaForFront()","msg":"Get image by imageID success.","time":"2021-06-16T10:21:38Z"}
{"level":"info","location":"search-service.handler.searchHandler.MediaForFront()","msg":"Get image by imageID.","time":"2021-06-16T10:21:39Z"}
{"level":"info","location":"search-service.handler.searchHandler.MediaForFront()","msg":"Get image by imageID success.","time":"2021-06-16T10:21:39Z"}
{"level":"info","location":"search-service.handler.searchHandler.MediaForFront()","msg":"Get image by imageID.","time":"2021-06-16T10:21:39Z"}
{"level":"info","location":"search-service.handler.searchHandler.MediaForFront()","msg":"Get image by imageID success.","time":"2021-06-16T10:21:39Z"}
{"level":"info","location":"search-service.handler.searchHandler.MediaForFront()","msg":"Get image by imageID.","time":"2021-06-16T10:21:54Z"}
{"level":"info","location":"search-service.handler.searchHandler.MediaForFront()","msg":"Get image by imageID success.","time":"2021-06-16T10:21:54Z"}
{"level":"info","location":"search-service.handler.searchHandler.MediaForFront()","msg":"Get image by imageID.","time":"2021-06-16T10:21:54Z"}
{"level":"info","location":"search-service.handler.searchHandler.MediaForFront()","msg":"Get image by imageID success.","time":"2021-06-16T10:21:54Z"}
{"level":"info","location":"search-service.handler.searchHandler.MediaForFront()","msg":"Get image by imageID.","time":"2021-06-16T10:21:54Z"}
{"level":"info","location":"search-service.handler.searchHandler.MediaForFront()","msg":"Get image by imageID success.","time":"2021-06-16T10:21:54Z"}
{"level":"info","location":"search-service.handler.searchHandler.MediaForFront()","msg":"Get image by imageID.","time":"2021-06-16T10:21:54Z"}
{"level":"info","location":"search-service.handler.searchHandler.MediaForFront()","msg":"Get image by imageID success.","time":"2021-06-16T10:21:54Z"}
{"level":"info","location":"search-service.handler.searchHandler.MediaForFront()","msg":"Get image by imageID.","time":"2021-06-16T10:24:29Z"}
{"level":"info","location":"search-service.handler.searchHandler.MediaForFront()","msg":"Get image by imageID success.","time":"2021-06-16T10:24:29Z"}
{"level":"info","location":"search-service.handler.searchHandler.MediaForFront()","msg":"Get image by imageID.","time":"2021-06-16T10:24:29Z"}
{"level":"info","location":"search-service.handler.searchHandler.MediaForFront()","msg":"Get image by imageID success.","time":"2021-06-16T10:24:29Z"}
{"level":"info","location":"search-service.handler.searchHandler.MediaForFront()","msg":"Get image by imageID.","time":"2021-06-16T10:24:29Z"}
{"level":"info","location":"search-service.handler.searchHandler.MediaForFront()","msg":"Get image by imageID success.","time":"2021-06-16T10:24:29Z"}
{"level":"info","location":"search-service.handler.searchHandler.MediaForFront()","msg":"Get image by imageID.","time":"2021-06-16T10:24:29Z"}
{"level":"info","location":"search-service.handler.searchHandler.MediaForFront()","msg":"Get image by imageID success.","time":"2021-06-16T10:24:29Z"}
{"level":"info","location":"search-service.handler.searchHandler.MediaForFront()","msg":"Get image by imageID.","time":"2021-06-16T10:24:48Z"}
{"level":"info","location":"search-service.handler.searchHandler.MediaForFront()","msg":"Get image by imageID success.","time":"2021-06-16T10:24:48Z"}
{"level":"info","location":"search-service.handler.searchHandler.MediaForFront()","msg":"Get image by imageID.","time":"2021-06-16T10:24:48Z"}
{"level":"info","location":"search-service.handler.searchHandler.MediaForFront()","msg":"Get image by imageID success.","time":"2021-06-16T10:24:49Z"}
{"level":"info","location":"search-service.handler.searchHandler.MediaForFront()","msg":"Get image by imageID.","time":"2021-06-16T10:24:49Z"}
{"level":"info","location":"search-service.handler.searchHandler.MediaForFront()","msg":"Get image by imageID success.","time":"2021-06-16T10:24:49Z"}
{"level":"info","location":"search-service.handler.searchHandler.MediaForFront()","msg":"Get image by imageID.","time":"2021-06-16T10:24:49Z"}
{"level":"info","location":"search-service.handler.searchHandler.MediaForFront()","msg":"Get image by imageID success.","time":"2021-06-16T10:24:49Z"}
{"level":"info","location":"search-service.handler.searchHandler.MediaForFront()","msg":"Get image by imageID.","time":"2021-06-16T10:24:56Z"}
{"level":"info","location":"search-service.handler.searchHandler.MediaForFront()","msg":"Get image by imageID success.","time":"2021-06-16T10:24:56Z"}
{"level":"info","location":"search-service.handler.searchHandler.MediaForFront()","msg":"Get image by imageID.","time":"2021-06-16T10:24:56Z"}
{"level":"info","location":"search-service.handler.searchHandler.MediaForFront()","msg":"Get image by imageID success.","time":"2021-06-16T10:24:56Z"}
{"level":"info","location":"search-service.handler.searchHandler.MediaForFront()","msg":"Get image by imageID.","time":"2021-06-16T10:24:57Z"}
{"level":"info","location":"search-service.handler.searchHandler.MediaForFront()","msg":"Get image by imageID success.","time":"2021-06-16T10:24:57Z"}
{"level":"info","location":"search-service.handler.searchHandler.MediaForFront()","msg":"Get image by imageID.","time":"2021-06-16T10:24:57Z"}
{"level":"info","location":"search-service.handler.searchHandler.MediaForFront()","msg":"Get image by imageID success.","time":"2021-06-16T10:24:57Z"}
{"level":"info","location":"search-service.handler.searchHandler.MediaForFront()","msg":"Get image by imageID.","time":"2021-06-16T10:25:04Z"}
{"level":"info","location":"search-service.handler.searchHandler.MediaForFront()","msg":"Get image by imageID success.","time":"2021-06-16T10:25:04Z"}
{"level":"info","location":"search-service.handler.searchHandler.MediaForFront()","msg":"Get image by imageID.","time":"2021-06-16T10:25:04Z"}
{"level":"info","location":"search-service.handler.searchHandler.MediaForFront()","msg":"Get image by imageID success.","time":"2021-06-16T10:25:04Z"}
{"level":"info","location":"search-service.handler.searchHandler.MediaForFront()","msg":"Get image by imageID.","time":"2021-06-16T10:26:46Z"}
{"level":"info","location":"search-service.handler.searchHandler.MediaForFront()","msg":"Get image by imageID success.","time":"2021-06-16T10:26:46Z"}
{"level":"info","location":"search-service.handler.searchHandler.MediaForFront()","msg":"Get image by imageID.","time":"2021-06-16T10:26:46Z"}
{"level":"info","location":"search-service.handler.searchHandler.MediaForFront()","msg":"Get image by imageID success.","time":"2021-06-16T10:26:46Z"}
{"level":"info","location":"search-service.handler.searchHandler.MediaForFront()","msg":"Get image by imageID.","time":"2021-06-16T10:26:46Z"}
{"level":"info","location":"search-service.handler.searchHandler.MediaForFront()","msg":"Get image by imageID success.","time":"2021-06-16T10:26:46Z"}
{"level":"info","location":"search-service.handler.searchHandler.MediaForFront()","msg":"Get image by imageID.","time":"2021-06-16T10:26:46Z"}
{"level":"info","location":"search-service.handler.searchHandler.MediaForFront()","msg":"Get image by imageID success.","time":"2021-06-16T10:26:46Z"}
{"level":"info","location":"search-service.handler.searchHandler.MediaForFront()","msg":"Get image by imageID.","time":"2021-06-16T10:26:47Z"}
{"level":"info","location":"search-service.handler.searchHandler.MediaForFront()","msg":"Get image by imageID success.","time":"2021-06-16T10:26:47Z"}
{"level":"info","location":"search-service.handler.searchHandler.MediaForFront()","msg":"Get image by imageID.","time":"2021-06-16T10:26:47Z"}
{"level":"info","location":"search-service.handler.searchHandler.MediaForFront()","msg":"Get image by imageID success.","time":"2021-06-16T10:26:47Z"}
{"level":"info","location":"search-service.handler.searchHandler.init()","msg":"Search-service Log file created/opened","time":"2021-06-16T10:37:21Z"}
{"level":"info","location":"search-service.handler.searchHandler.MediaForFront()","msg":"Get image by imageID.","time":"2021-06-16T10:37:33Z"}
{"level":"info","location":"search-service.handler.searchHandler.MediaForFront()","msg":"Get image by imageID success.","time":"2021-06-16T10:37:33Z"}
{"level":"info","location":"search-service.handler.searchHandler.MediaForFront()","msg":"Get image by imageID.","time":"2021-06-16T10:37:33Z"}
{"level":"info","location":"search-service.handler.searchHandler.MediaForFront()","msg":"Get image by imageID success.","time":"2021-06-16T10:37:33Z"}
{"level":"info","location":"search-service.handler.searchHandler.MediaForFront()","msg":"Get image by imageID.","time":"2021-06-16T10:37:33Z"}
{"level":"info","location":"search-service.handler.searchHandler.MediaForFront()","msg":"Get image by imageID success.","time":"2021-06-16T10:37:33Z"}
{"level":"info","location":"search-service.handler.searchHandler.MediaForFront()","msg":"Get image by imageID.","time":"2021-06-16T10:37:33Z"}
{"level":"info","location":"search-service.handler.searchHandler.MediaForFront()","msg":"Get image by imageID success.","time":"2021-06-16T10:37:33Z"}
{"level":"info","location":"search-service.handler.searchHandler.MediaForFront()","msg":"Get image by imageID.","time":"2021-06-16T10:37:35Z"}
{"level":"info","location":"search-service.handler.searchHandler.MediaForFront()","msg":"Get image by imageID success.","time":"2021-06-16T10:37:35Z"}
{"level":"info","location":"search-service.handler.searchHandler.MediaForFront()","msg":"Get image by imageID.","time":"2021-06-16T10:37:35Z"}
{"level":"info","location":"search-service.handler.searchHandler.MediaForFront()","msg":"Get image by imageID success.","time":"2021-06-16T10:37:35Z"}
{"level":"info","location":"search-service.handler.searchHandler.MediaForFront()","msg":"Get image by imageID.","time":"2021-06-16T10:38:03Z"}
{"level":"info","location":"search-service.handler.searchHandler.MediaForFront()","msg":"Get image by imageID success.","time":"2021-06-16T10:38:03Z"}
{"level":"info","location":"search-service.handler.searchHandler.MediaForFront()","msg":"Get image by imageID.","time":"2021-06-16T10:38:03Z"}
{"level":"info","location":"search-service.handler.searchHandler.MediaForFront()","msg":"Get image by imageID success.","time":"2021-06-16T10:38:03Z"}
{"level":"info","location":"search-service.handler.searchHandler.MediaForFront()","msg":"Get image by imageID.","time":"2021-06-16T10:38:03Z"}
{"level":"info","location":"search-service.handler.searchHandler.MediaForFront()","msg":"Get image by imageID success.","time":"2021-06-16T10:38:03Z"}
{"level":"info","location":"search-service.handler.searchHandler.MediaForFront()","msg":"Get image by imageID.","time":"2021-06-16T10:38:03Z"}
{"level":"info","location":"search-service.handler.searchHandler.MediaForFront()","msg":"Get image by imageID success.","time":"2021-06-16T10:38:03Z"}
{"level":"info","location":"search-service.handler.searchHandler.MediaForFront()","msg":"Get image by imageID.","time":"2021-06-16T10:38:04Z"}
{"level":"info","location":"search-service.handler.searchHandler.MediaForFront()","msg":"Get image by imageID success.","time":"2021-06-16T10:38:04Z"}
{"level":"info","location":"search-service.handler.searchHandler.MediaForFront()","msg":"Get image by imageID.","time":"2021-06-16T10:38:05Z"}
{"level":"info","location":"search-service.handler.searchHandler.MediaForFront()","msg":"Get image by imageID success.","time":"2021-06-16T10:38:05Z"}
{"level":"info","location":"search-service.handler.searchHandler.MediaForFront()","msg":"Get image by imageID.","time":"2021-06-16T10:38:05Z"}
{"level":"info","location":"search-service.handler.searchHandler.MediaForFront()","msg":"Get image by imageID success.","time":"2021-06-16T10:38:05Z"}
{"level":"info","location":"search-service.handler.searchHandler.MediaForFront()","msg":"Get image by imageID.","time":"2021-06-16T10:38:33Z"}
{"level":"info","location":"search-service.handler.searchHandler.MediaForFront()","msg":"Get image by imageID success.","time":"2021-06-16T10:38:33Z"}
{"level":"info","location":"search-service.handler.searchHandler.MediaForFront()","msg":"Get image by imageID.","time":"2021-06-16T10:38:33Z"}
{"level":"info","location":"search-service.handler.searchHandler.MediaForFront()","msg":"Get image by imageID success.","time":"2021-06-16T10:38:33Z"}
{"level":"info","location":"search-service.handler.searchHandler.MediaForFront()","msg":"Get image by imageID.","time":"2021-06-16T10:38:34Z"}
{"level":"info","location":"search-service.handler.searchHandler.MediaForFront()","msg":"Get image by imageID success.","time":"2021-06-16T10:38:34Z"}
{"level":"info","location":"search-service.handler.searchHandler.MediaForFront()","msg":"Get image by imageID.","time":"2021-06-16T10:38:34Z"}
{"level":"info","location":"search-service.handler.searchHandler.MediaForFront()","msg":"Get image by imageID success.","time":"2021-06-16T10:38:34Z"}
{"level":"info","location":"search-service.handler.searchHandler.MediaForFront()","msg":"Get image by imageID.","time":"2021-06-16T10:38:36Z"}
{"level":"info","location":"search-service.handler.searchHandler.MediaForFront()","msg":"Get image by imageID success.","time":"2021-06-16T10:38:36Z"}
{"level":"info","location":"search-service.handler.searchHandler.MediaForFront()","msg":"Get image by imageID.","time":"2021-06-16T10:38:36Z"}
{"level":"info","location":"search-service.handler.searchHandler.MediaForFront()","msg":"Get image by imageID success.","time":"2021-06-16T10:38:36Z"}
{"level":"info","location":"search-service.handler.searchHandler.MediaForFront()","msg":"Get image by imageID.","time":"2021-06-16T10:38:36Z"}
{"level":"info","location":"search-service.handler.searchHandler.MediaForFront()","msg":"Get image by imageID success.","time":"2021-06-16T10:38:36Z"}
{"level":"info","location":"search-service.handler.searchHandler.MediaForFront()","msg":"Get image by imageID.","time":"2021-06-16T10:38:36Z"}
{"level":"info","location":"search-service.handler.searchHandler.MediaForFront()","msg":"Get image by imageID success.","time":"2021-06-16T10:38:37Z"}
{"level":"info","location":"search-service.handler.searchHandler.MediaForFront()","msg":"Get image by imageID.","time":"2021-06-16T10:42:34Z"}
{"level":"info","location":"search-service.handler.searchHandler.MediaForFront()","msg":"Get image by imageID success.","time":"2021-06-16T10:42:34Z"}
{"level":"info","location":"search-service.handler.searchHandler.MediaForFront()","msg":"Get image by imageID.","time":"2021-06-16T10:42:34Z"}
{"level":"info","location":"search-service.handler.searchHandler.MediaForFront()","msg":"Get image by imageID success.","time":"2021-06-16T10:42:34Z"}
{"level":"info","location":"search-service.handler.searchHandler.MediaForFront()","msg":"Get image by imageID.","time":"2021-06-16T10:43:57Z"}
{"level":"info","location":"search-service.handler.searchHandler.MediaForFront()","msg":"Get image by imageID success.","time":"2021-06-16T10:43:57Z"}
{"level":"info","location":"search-service.handler.searchHandler.MediaForFront()","msg":"Get image by imageID.","time":"2021-06-16T10:43:58Z"}
{"level":"info","location":"search-service.handler.searchHandler.MediaForFront()","msg":"Get image by imageID success.","time":"2021-06-16T10:43:58Z"}
{"level":"info","location":"search-service.handler.searchHandler.MediaForFront()","msg":"Get image by imageID.","time":"2021-06-16T10:49:19Z"}
{"level":"info","location":"search-service.handler.searchHandler.MediaForFront()","msg":"Get image by imageID success.","time":"2021-06-16T10:49:19Z"}
{"level":"info","location":"search-service.handler.searchHandler.MediaForFront()","msg":"Get image by imageID.","time":"2021-06-16T10:49:21Z"}
{"level":"info","location":"search-service.handler.searchHandler.MediaForFront()","msg":"Get image by imageID success.","time":"2021-06-16T10:49:21Z"}
{"level":"info","location":"search-service.handler.searchHandler.MediaForFront()","msg":"Get image by imageID.","time":"2021-06-16T10:49:25Z"}
{"level":"info","location":"search-service.handler.searchHandler.MediaForFront()","msg":"Get image by imageID success.","time":"2021-06-16T10:49:25Z"}
{"level":"info","location":"search-service.handler.searchHandler.MediaForFront()","msg":"Get image by imageID.","time":"2021-06-16T10:50:09Z"}
{"level":"info","location":"search-service.handler.searchHandler.MediaForFront()","msg":"Get image by imageID success.","time":"2021-06-16T10:50:09Z"}
{"level":"info","location":"search-service.handler.searchHandler.MediaForFront()","msg":"Get image by imageID.","time":"2021-06-16T10:50:40Z"}
{"level":"info","location":"search-service.handler.searchHandler.MediaForFront()","msg":"Get image by imageID success.","time":"2021-06-16T10:50:40Z"}
{"level":"info","location":"search-service.handler.searchHandler.MediaForFront()","msg":"Get image by imageID.","time":"2021-06-16T10:51:45Z"}
{"level":"info","location":"search-service.handler.searchHandler.MediaForFront()","msg":"Get image by imageID success.","time":"2021-06-16T10:51:45Z"}
{"level":"info","location":"search-service.handler.searchHandler.MediaForFront()","msg":"Get image by imageID.","time":"2021-06-16T10:52:42Z"}
{"level":"info","location":"search-service.handler.searchHandler.MediaForFront()","msg":"Get image by imageID success.","time":"2021-06-16T10:52:42Z"}
{"level":"info","location":"search-service.handler.searchHandler.MediaForFront()","msg":"Get image by imageID.","time":"2021-06-16T10:52:42Z"}
{"level":"info","location":"search-service.handler.searchHandler.MediaForFront()","msg":"Get image by imageID success.","time":"2021-06-16T10:52:42Z"}
{"level":"info","location":"search-service.handler.searchHandler.GetUserByUsername()","msg":"Get searched user by username.","time":"2021-06-16T10:53:51Z","user_username":"an"}
{"level":"info","location":"search-service.handler.searchHandler.GetUserByUsername()","msg":"Get searched user by username success.","time":"2021-06-16T10:53:51Z","user_username":"an"}
{"level":"info","location":"search-service.handler.searchHandler.SearchPostsByLocation()","msg":"Search posts by location from registred user.","time":"2021-06-16T10:53:59Z","user_email":"majatepavcevic133@gmail.com"}
{"level":"warning","location":"search-service.handler.searchHandler.SearchPostsByLocation()","msg":"No found posts by location.","time":"2021-06-16T10:53:59Z","user_email":"majatepavcevic133@gmail.com"}
{"level":"info","location":"search-service.handler.searchHandler.SearchPostsByLocation()","msg":"Search by location from registred user success.","time":"2021-06-16T10:53:59Z","user_email":"majatepavcevic133@gmail.com"}
{"level":"info","location":"search-service.handler.searchHandler.MediaForFront()","msg":"Get image by imageID.","time":"2021-06-16T10:54:08Z"}
{"level":"info","location":"search-service.handler.searchHandler.MediaForFront()","msg":"Get image by imageID success.","time":"2021-06-16T10:54:08Z"}
{"level":"info","location":"search-service.handler.searchHandler.MediaForFront()","msg":"Get image by imageID.","time":"2021-06-16T10:54:08Z"}
{"level":"info","location":"search-service.handler.searchHandler.MediaForFront()","msg":"Get image by imageID success.","time":"2021-06-16T10:54:08Z"}
{"level":"info","location":"search-service.handler.searchHandler.MediaForFront()","msg":"Get image by imageID.","time":"2021-06-16T10:54:15Z"}
{"level":"info","location":"search-service.handler.searchHandler.MediaForFront()","msg":"Get image by imageID success.","time":"2021-06-16T10:54:15Z"}
{"level":"info","location":"search-service.handler.searchHandler.MediaForFront()","msg":"Get image by imageID.","time":"2021-06-16T10:54:15Z"}
{"level":"info","location":"search-service.handler.searchHandler.MediaForFront()","msg":"Get image by imageID success.","time":"2021-06-16T10:54:15Z"}
{"level":"info","location":"search-service.handler.searchHandler.MediaForFront()","msg":"Get image by imageID.","time":"2021-06-16T10:55:06Z"}
{"level":"info","location":"search-service.handler.searchHandler.MediaForFront()","msg":"Get image by imageID success.","time":"2021-06-16T10:55:06Z"}
{"level":"info","location":"search-service.handler.searchHandler.MediaForFront()","msg":"Get image by imageID.","time":"2021-06-16T10:55:06Z"}
{"level":"info","location":"search-service.handler.searchHandler.MediaForFront()","msg":"Get image by imageID success.","time":"2021-06-16T10:55:06Z"}
{"level":"info","location":"search-service.handler.searchHandler.MediaForFront()","msg":"Get image by imageID.","time":"2021-06-16T10:55:52Z"}
{"level":"info","location":"search-service.handler.searchHandler.MediaForFront()","msg":"Get image by imageID success.","time":"2021-06-16T10:55:52Z"}
{"level":"info","location":"search-service.handler.searchHandler.MediaForFront()","msg":"Get image by imageID.","time":"2021-06-16T10:55:52Z"}
{"level":"info","location":"search-service.handler.searchHandler.MediaForFront()","msg":"Get image by imageID success.","time":"2021-06-16T10:55:52Z"}
{"level":"info","location":"search-service.handler.searchHandler.MediaForFront()","msg":"Get image by imageID.","time":"2021-06-16T10:57:40Z"}
{"level":"info","location":"search-service.handler.searchHandler.MediaForFront()","msg":"Get image by imageID success.","time":"2021-06-16T10:57:40Z"}
{"level":"info","location":"search-service.handler.searchHandler.MediaForFront()","msg":"Get image by imageID.","time":"2021-06-16T10:57:40Z"}
{"level":"info","location":"search-service.handler.searchHandler.MediaForFront()","msg":"Get image by imageID success.","time":"2021-06-16T10:57:40Z"}
{"level":"info","location":"search-service.handler.searchHandler.GetUserByUsername()","msg":"Get searched user by username.","time":"2021-06-16T10:59:53Z","user_username":"a"}
{"level":"info","location":"search-service.handler.searchHandler.GetUserByUsername()","msg":"Get searched user by username success.","time":"2021-06-16T10:59:53Z","user_username":"a"}
{"level":"info","location":"search-service.handler.searchHandler.GetUserByUsername()","msg":"Get searched user by username.","time":"2021-06-16T11:00:27Z","user_username":"a"}
{"level":"info","location":"search-service.handler.searchHandler.GetUserByUsername()","msg":"Get searched user by username success.","time":"2021-06-16T11:00:27Z","user_username":"a"}
{"level":"info","location":"search-service.handler.searchHandler.SearchPostsByLocation()","msg":"Search posts by location from registred user.","time":"2021-06-16T11:00:29Z","user_email":"majatepavcevic133@gmail.com"}
{"level":"warning","location":"search-service.handler.searchHandler.SearchPostsByLocation()","msg":"No found posts by location.","time":"2021-06-16T11:00:29Z","user_email":"majatepavcevic133@gmail.com"}
{"level":"info","location":"search-service.handler.searchHandler.SearchPostsByLocation()","msg":"Search by location from registred user success.","time":"2021-06-16T11:00:29Z","user_email":"majatepavcevic133@gmail.com"}
{"level":"info","location":"search-service.handler.searchHandler.SearchPostsByLocationUnregistered()","msg":"Search posts by location from unregistred user.","time":"2021-06-16T11:01:40Z"}
{"level":"warning","location":"search-service.handler.searchHandler.SearchPostsByLocationUnregistered()","msg":"Not found posts by searched location.","time":"2021-06-16T11:01:40Z"}
{"level":"info","location":"search-service.handler.searchHandler.SearchPostsByLocationUnregistered()","msg":"Search posts by location from unregistred user success.","time":"2021-06-16T11:01:40Z"}
{"level":"info","location":"search-service.handler.searchHandler.SearchPostsByTagUnregistered()","msg":"Search posts by tag from unregistred user.","time":"2021-06-16T11:01:47Z"}
{"level":"info","location":"search-service.handler.searchHandler.SearchPostsByTagUnregistered()","msg":"No found posts by searched tag.","time":"2021-06-16T11:01:47Z"}
{"level":"info","location":"search-service.handler.searchHandler.SearchPostsByTagUnregistered()","msg":"Search posts by tag from unregistred user.","time":"2021-06-16T11:01:47Z"}
{"level":"info","location":"search-service.handler.searchHandler.GetUserByUsernameForUnregistredUser()","msg":"Get searched user by username from unregistred user.","time":"2021-06-16T11:02:02Z"}
{"level":"info","location":"search-service.handler.searchHandler.GetUserByUsernameForUnregistredUser()","msg":"Get searched user by username from unregistred user success.","time":"2021-06-16T11:02:02Z"}
{"level":"info","location":"search-service.handler.searchHandler.GetPostsForSearchedUserUnregistered()","msg":"Get posts for searched user from unregistred user success.","time":"2021-06-16T11:02:08Z","user_email":"majatepavcevic133@gmail.com"}
{"level":"info","location":"search-service.handler.searchHandler.MediaForFront()","msg":"Get image by imageID.","time":"2021-06-16T11:03:07Z"}
{"level":"info","location":"search-service.handler.searchHandler.MediaForFront()","msg":"Get image by imageID success.","time":"2021-06-16T11:03:07Z"}
{"level":"info","location":"search-service.handler.searchHandler.MediaForFront()","msg":"Get image by imageID.","time":"2021-06-16T11:03:07Z"}
{"level":"info","location":"search-service.handler.searchHandler.MediaForFront()","msg":"Get image by imageID success.","time":"2021-06-16T11:03:07Z"}
{"level":"info","location":"search-service.handler.searchHandler.MediaForFront()","msg":"Get image by imageID.","time":"2021-06-16T11:03:36Z"}
{"level":"info","location":"search-service.handler.searchHandler.MediaForFront()","msg":"Get image by imageID success.","time":"2021-06-16T11:03:36Z"}
{"level":"info","location":"search-service.handler.searchHandler.MediaForFront()","msg":"Get image by imageID.","time":"2021-06-16T11:03:52Z"}
{"level":"info","location":"search-service.handler.searchHandler.MediaForFront()","msg":"Get image by imageID success.","time":"2021-06-16T11:03:52Z"}
{"level":"info","location":"search-service.handler.searchHandler.MediaForFront()","msg":"Get image by imageID.","time":"2021-06-16T11:03:52Z"}
{"level":"info","location":"search-service.handler.searchHandler.MediaForFront()","msg":"Get image by imageID success.","time":"2021-06-16T11:03:53Z"}
{"level":"info","location":"search-service.handler.searchHandler.SearchPostsByLocationUnregistered()","msg":"Search posts by location from unregistred user.","time":"2021-06-16T11:03:59Z"}
{"level":"info","location":"search-service.handler.searchHandler.SearchPostsByLocationUnregistered()","msg":"Search posts by location from unregistred user success.","time":"2021-06-16T11:03:59Z"}
{"level":"info","location":"search-service.handler.searchHandler.MediaForFront()","msg":"Get image by imageID.","time":"2021-06-16T11:03:59Z"}
{"level":"info","location":"search-service.handler.searchHandler.MediaForFront()","msg":"Get image by imageID success.","time":"2021-06-16T11:03:59Z"}
{"level":"info","location":"search-service.handler.searchHandler.MediaForFront()","msg":"Get image by imageID.","time":"2021-06-16T11:03:59Z"}
{"level":"info","location":"search-service.handler.searchHandler.MediaForFront()","msg":"Get image by imageID success.","time":"2021-06-16T11:03:59Z"}
{"level":"info","location":"search-service.handler.searchHandler.SearchPostsByTagUnregistered()","msg":"Search posts by tag from unregistred user.","time":"2021-06-16T11:04:05Z"}
{"level":"info","location":"search-service.handler.searchHandler.SearchPostsByTagUnregistered()","msg":"Search posts by tag from unregistred user.","time":"2021-06-16T11:04:05Z"}
{"level":"info","location":"search-service.handler.searchHandler.MediaForFront()","msg":"Get image by imageID.","time":"2021-06-16T11:04:05Z"}
{"level":"info","location":"search-service.handler.searchHandler.MediaForFront()","msg":"Get image by imageID success.","time":"2021-06-16T11:04:05Z"}
{"level":"info","location":"search-service.handler.searchHandler.MediaForFront()","msg":"Get image by imageID.","time":"2021-06-16T11:04:05Z"}
{"level":"info","location":"search-service.handler.searchHandler.MediaForFront()","msg":"Get image by imageID success.","time":"2021-06-16T11:04:05Z"}
