{"level":"info","location":"story-service.handler.storyHandler.init()","msg":"Story-service Log file created","time":"2021-06-10T22:41:08Z"}
{"level":"info","location":"story-service.handler.storyHandler.SaveStory()","msg":"User add story.","time":"2021-06-10T22:41:33Z","user_email":"mili@gmail.com"}
{"level":"info","location":"story-service.handler.storyHandler.SaveStory()","msg":"File localy created.","time":"2021-06-10T22:41:33Z"}
{"level":"info","location":"story-service.handler.storyHandler.SaveStory()","msg":"Save post success.","time":"2021-06-10T22:41:33Z"}
{"level":"info","location":"story-service.handler.storyHandler.SaveStory()","msg":"User add post success.","time":"2021-06-10T22:41:33Z","user_email":"mili@gmail.com"}
{"level":"info","location":"story-service.handler.storyHandler.init()","msg":"Story-service Log file created","time":"2021-06-11T07:20:06Z"}
{"level":"info","location":"story-service.handler.storyHandler.init()","msg":"Story-service Log file created","time":"2021-06-11T07:20:10Z"}
{"level":"info","location":"story-service.handler.storyHandler.init()","msg":"Story-service Log file created","time":"2021-06-11T07:26:13Z"}
{"level":"info","location":"story-service.handler.storyHandler.init()","msg":"Story-service Log file created","time":"2021-06-11T07:48:03Z"}
{"level":"info","location":"story-service.handler.storyHandler.init()","msg":"Story-service Log file created","time":"2021-06-11T11:07:42Z"}
{"level":"info","location":"story-service.handler.storyHandler.init()","msg":"Story-service Log file created","time":"2021-06-11T11:12:49Z"}
{"level":"info","location":"story-service.handler.storyHandler.init()","msg":"Story-service Log file created","time":"2021-06-11T11:17:27Z"}
{"level":"info","location":"story-service.handler.storyHandler.init()","msg":"Story-service Log file created","time":"2021-06-11T11:20:45Z"}
{"level":"info","location":"story-service.handler.storyHandler.init()","msg":"Story-service Log file created","time":"2021-06-11T11:23:16Z"}
{"level":"info","location":"story-service.handler.storyHandler.init()","msg":"Story-service Log file created","time":"2021-06-11T13:06:59Z"}
{"level":"info","location":"story-service.handler.storyHandler.init()","msg":"Story-service Log file created","time":"2021-06-11T13:31:04Z"}
{"level":"info","location":"story-service.handler.storyHandler.init()","msg":"Story-service Log file created","time":"2021-06-11T19:05:54Z"}
{"level":"info","location":"story-service.handler.storyHandler.init()","msg":"Story-service Log file created","time":"2021-06-11T19:05:56Z"}
{"level":"info","location":"story-service.handler.storyHandler.init()","msg":"Story-service Log file created","time":"2021-06-12T08:26:26Z"}
{"level":"info","location":"story-service.handler.storyHandler.init()","msg":"Story-service Log file created","time":"2021-06-12T08:51:23Z"}
